[2024-10-06T02:14:50.678Z] Serhii (text): User Serhii connected to this chat
[2024-10-06T02:15:03.769Z] Serhii (text): Disconnected from this chat
[2024-10-06T03:12:12.214Z] Oleksandr (text): User Oleksandr connected to this chat
[2024-10-06T03:12:17.226Z] Oleksandr (text): Disconnected from this chat
[2024-10-06T03:12:17.228Z] Oleksandr (text): User Oleksandr connected to this chat
[2024-10-06T03:12:17.241Z] Oleksandr (text): User Oleksandr connected to this chat
[2024-10-06T03:12:22.665Z] Oleksandr (text): Hello
[2024-10-06T03:12:25.843Z] Oleksandr (text): Disconnected from this chat
[2024-10-06T13:49:49.227Z] Limemix (text): User Limemix connected to this chat
[2024-10-06T13:49:51.404Z] Limemix (text): User Limemix connected to this chat
[2024-10-06T13:49:51.408Z] Limemix (text): Disconnected from this chat
[2024-10-06T13:49:51.424Z] Limemix (text): User Limemix connected to this chat
[2024-10-06T16:19:51.454Z] Limemix (text): Disconnected from this chat
[2024-10-06T19:20:13.668Z] KOT (text): User KOT connected to this chat
[2024-10-06T19:20:14.945Z] MYSH (text): User MYSH connected to this chat
[2024-10-06T19:20:17.046Z] KOT (text): User KOT connected to this chat
[2024-10-06T19:20:17.048Z] KOT (text): Disconnected from this chat
[2024-10-06T19:20:17.059Z] KOT (text): User KOT connected to this chat
[2024-10-06T19:20:17.062Z] KOT (text): Disconnected from this chat
[2024-10-06T19:20:18.821Z] MYSH (text): User MYSH connected to this chat
[2024-10-06T19:20:18.824Z] MYSH (text): Disconnected from this chat
[2024-10-06T19:20:18.837Z] MYSH (text): Disconnected from this chat
[2024-10-06T19:20:18.838Z] MYSH (text): User MYSH connected to this chat
[2024-10-06T19:20:25.977Z] KOT (text): ПРИВЕТ
[2024-10-06T19:20:33.648Z] MYSH (text): Прив.
[2024-10-06T19:20:48.375Z] KOT (text): Disconnected from this chat
[2024-10-23T16:53:45.494Z] Limemix (text): User Limemix connected to this chat
[2024-10-23T16:54:07.119Z] Limemix (text): User Limemix connected to this chat
[2024-10-23T16:54:07.122Z] Limemix (text): Disconnected from this chat
[2024-10-23T16:54:07.133Z] Limemix (text): Disconnected from this chat
[2024-10-23T16:54:07.142Z] Limemix (text): User Limemix connected to this chat
[2024-10-23T16:54:23.052Z] Limemix (text): Disconnected from this chat
[2024-10-23T16:56:29.749Z] Limemix (text): User Limemix connected to this chat
[2024-10-23T16:56:30.504Z] Limemix (text): Disconnected from this chat
[2024-10-23T16:56:31.551Z] Limemix (text): User Limemix connected to this chat
[2024-10-23T16:56:33.095Z] Limemix (text): Disconnected from this chat
[2024-10-23T16:59:04.649Z] Limemix (text): User Limemix connected to this chat
[2024-10-23T16:59:05.311Z] Limemix (text): Disconnected from this chat
[2024-10-23T16:59:50.929Z] Limemix (text): User Limemix connected to this chat
[2024-10-23T16:59:51.422Z] Limemix (text): Disconnected from this chat
[2024-10-23T16:59:51.896Z] Limemix (text): User Limemix connected to this chat
[2024-10-23T16:59:52.255Z] Limemix (text): Disconnected from this chat
[2024-10-23T16:59:52.788Z] Limemix (text): User Limemix connected to this chat
[2024-10-23T16:59:53.210Z] Limemix (text): Disconnected from this chat
[2024-10-23T17:00:26.504Z] Limeha (text): User Limeha connected to this chat
[2024-10-23T17:00:43.843Z] Limemix (text): User Limemix connected to this chat
[2024-10-23T17:00:44.745Z] Limemix (text): Disconnected from this chat
[2024-10-23T17:11:27.061Z] Limemix (text): User Limemix connected to this chat
[2024-10-23T17:11:27.655Z] Limemix (text): Disconnected from this chat
[2024-10-23T17:16:59.172Z] Limemix (text): User Limemix connected to this chat
[2024-10-23T17:16:59.960Z] Limemix (text): Disconnected from this chat
[2024-10-23T17:17:00.469Z] Limemix (text): User Limemix connected to this chat
[2024-10-23T17:17:00.923Z] Limemix (text): Disconnected from this chat
[2024-10-23T17:17:40.653Z] Limeha (text): Disconnected from this chat
[2024-10-23T17:17:40.655Z] Limeha (text): User Limeha connected to this chat
[2024-10-23T17:17:41.969Z] Limemix (text): User Limemix connected to this chat
[2024-10-23T17:17:42.632Z] Limemix (text): Disconnected from this chat
[2024-10-23T17:17:43.136Z] Limemix (text): User Limemix connected to this chat
[2024-10-23T17:17:44.198Z] Limemix (text): Disconnected from this chat
[2024-10-23T17:17:44.766Z] Limemix (text): User Limemix connected to this chat
[2024-10-23T17:17:45.236Z] Limemix (text): Disconnected from this chat
[2024-10-23T17:17:45.728Z] Limemix (text): User Limemix connected to this chat
[2024-10-23T17:17:46.243Z] Limemix (text): Disconnected from this chat
[2024-10-23T17:18:15.423Z] Limemix (text): User Limemix connected to this chat
[2024-10-23T17:18:16.225Z] Limemix (text): Disconnected from this chat
